c:\all_opengl\openglsourcefiles\vs_opengl_1\opengl\opengl\debug\vc142.pdb
c:\all_opengl\openglsourcefiles\vs_opengl_1\opengl\opengl\debug\vc142.idb
c:\all_opengl\openglsourcefiles\vs_opengl_1\opengl\opengl\debug\terrain.obj
c:\all_opengl\openglsourcefiles\vs_opengl_1\opengl\opengl\debug\source.obj
c:\all_opengl\openglsourcefiles\vs_opengl_1\opengl\opengl\debug\camera.obj
c:\all_opengl\openglsourcefiles\vs_opengl_1\opengl\opengl\debug\imgui_widgets.obj
c:\all_opengl\openglsourcefiles\vs_opengl_1\opengl\opengl\debug\imgui_tables.obj
c:\all_opengl\openglsourcefiles\vs_opengl_1\opengl\opengl\debug\imgui_impl_opengl3.obj
c:\all_opengl\openglsourcefiles\vs_opengl_1\opengl\opengl\debug\imgui_impl_glfw.obj
c:\all_opengl\openglsourcefiles\vs_opengl_1\opengl\opengl\debug\imgui_draw.obj
c:\all_opengl\openglsourcefiles\vs_opengl_1\opengl\opengl\debug\imgui_demo.obj
c:\all_opengl\openglsourcefiles\vs_opengl_1\opengl\opengl\debug\imgui.obj
c:\all_opengl\openglsourcefiles\vs_opengl_1\opengl\debug\opengl.exe
c:\all_opengl\openglsourcefiles\vs_opengl_1\opengl\debug\opengl.ilk
c:\all_opengl\openglsourcefiles\vs_opengl_1\opengl\debug\opengl.pdb
c:\all_opengl\openglsourcefiles\vs_opengl_1\opengl\opengl\debug\opengl.tlog\cl.command.1.tlog
c:\all_opengl\openglsourcefiles\vs_opengl_1\opengl\opengl\debug\opengl.tlog\cl.read.1.tlog
c:\all_opengl\openglsourcefiles\vs_opengl_1\opengl\opengl\debug\opengl.tlog\cl.write.1.tlog
c:\all_opengl\openglsourcefiles\vs_opengl_1\opengl\opengl\debug\opengl.tlog\link.command.1.tlog
c:\all_opengl\openglsourcefiles\vs_opengl_1\opengl\opengl\debug\opengl.tlog\link.read.1.tlog
c:\all_opengl\openglsourcefiles\vs_opengl_1\opengl\opengl\debug\opengl.tlog\link.write.1.tlog
